Vivado Simulator 2019.2
Time resolution is 1 ps
Error: CKE# - tEVKH violation
Time: 0 ps  Iteration: 1  Process: /tb_top/dut/mt/setup_check  File: D:/ESIREM/XILINX/VIVADO/SRAM/SRAM.srcs/sources_1/new/mt55l512y36f.vhd
Error: BWa# - tCVKH violation
Time: 0 ps  Iteration: 1  Process: /tb_top/dut/mt/setup_check  File: D:/ESIREM/XILINX/VIVADO/SRAM/SRAM.srcs/sources_1/new/mt55l512y36f.vhd
Error: BWb# - tCVKH violation
Time: 0 ps  Iteration: 1  Process: /tb_top/dut/mt/setup_check  File: D:/ESIREM/XILINX/VIVADO/SRAM/SRAM.srcs/sources_1/new/mt55l512y36f.vhd
Error: BWc# - tCVKH violation
Time: 0 ps  Iteration: 1  Process: /tb_top/dut/mt/setup_check  File: D:/ESIREM/XILINX/VIVADO/SRAM/SRAM.srcs/sources_1/new/mt55l512y36f.vhd
Error: BWd# - tCVKH violation
Time: 0 ps  Iteration: 1  Process: /tb_top/dut/mt/setup_check  File: D:/ESIREM/XILINX/VIVADO/SRAM/SRAM.srcs/sources_1/new/mt55l512y36f.vhd
Error: CKE# - tKHEX violation
Time: 500 ps  Iteration: 0  Process: /tb_top/dut/mt/hold_check  File: D:/ESIREM/XILINX/VIVADO/SRAM/SRAM.srcs/sources_1/new/mt55l512y36f.vhd
Error: BWa# - tKHCX violation
Time: 500 ps  Iteration: 0  Process: /tb_top/dut/mt/hold_check  File: D:/ESIREM/XILINX/VIVADO/SRAM/SRAM.srcs/sources_1/new/mt55l512y36f.vhd
Error: BWb# - tKHCX violation
Time: 500 ps  Iteration: 0  Process: /tb_top/dut/mt/hold_check  File: D:/ESIREM/XILINX/VIVADO/SRAM/SRAM.srcs/sources_1/new/mt55l512y36f.vhd
Error: BWc# - tKHCX violation
Time: 500 ps  Iteration: 0  Process: /tb_top/dut/mt/hold_check  File: D:/ESIREM/XILINX/VIVADO/SRAM/SRAM.srcs/sources_1/new/mt55l512y36f.vhd
Error: BWd# - tKHCX violation
Time: 500 ps  Iteration: 0  Process: /tb_top/dut/mt/hold_check  File: D:/ESIREM/XILINX/VIVADO/SRAM/SRAM.srcs/sources_1/new/mt55l512y36f.vhd
